<?xml version="1.0" encoding="UTF-8"?>
<testsuite xmlns:xsi="http://www.w3.org/2001/XMLSchema-instance" xsi:noNamespaceSchemaLocation="https://maven.apache.org/surefire/maven-surefire-plugin/xsd/surefire-test-report-3.0.xsd" version="3.0" name="com.restaurant.inventory.RestaurantAppTest" time="4.045" tests="5" errors="0" skipped="0" failures="1">
  <properties>
[...]
</properties>
  <testcase name="testProfileManagement" classname="com.restaurant.inventory.RestaurantAppTest" time="0.282">
    <system-err><![CDATA[Sep 25, 2026 8:53:13 PM com.sun.javafx.application.PlatformImpl startup
WARNING: Unsupported JavaFX configuration: classes were loaded from 'unnamed module @3e9b1010'
]]></system-err>
  </testcase>
  <testcase name="testMenuPictureManagement" classname="com.restaurant.inventory.RestaurantAppTest" time="0.014"/>
  <testcase name="testAuthenticationAndWarnings" classname="com.restaurant.inventory.RestaurantAppTest" time="0.013"/>
  <testcase name="testIngredientAndMenuWarningsAndPurchases" classname="com.restaurant.inventory.RestaurantAppTest" time="0.029"/>
  <testcase name="testAllFxmlViewsLoadSuccessfully" classname="com.restaurant.inventory.RestaurantAppTest" time="1.965">
    <failure message="FXML Error in /fxml/OrderView.fxml: &#10;/C:/Users/LAPTOP%203/Downloads/restaurant-menu-inventory/target/classes/fxml/OrderView.fxml:59&#10; ==&gt; expected: &lt;null&gt; but was: &lt;javafx.fxml.LoadException: &#10;/C:/Users/LAPTOP%203/Downloads/restaurant-menu-inventory/target/classes/fxml/OrderView.fxml:59&#10;&gt;" type="org.opentest4j.AssertionFailedError"><![CDATA[org.opentest4j.AssertionFailedError: 
FXML Error in /fxml/OrderView.fxml: 
/C:/Users/LAPTOP%203/Downloads/restaurant-menu-inventory/target/classes/fxml/OrderView.fxml:59
 ==> expected: <null> but was: <javafx.fxml.LoadException: 
/C:/Users/LAPTOP%203/Downloads/restaurant-menu-inventory/target/classes/fxml/OrderView.fxml:59
>
	at org.junit.jupiter.api.AssertionFailureBuilder.build(AssertionFailureBuilder.java:151)
	at org.junit.jupiter.api.AssertionFailureBuilder.buildAndThrow(AssertionFailureBuilder.java:132)
	at org.junit.jupiter.api.AssertNull.failNotNull(AssertNull.java:50)
	at org.junit.jupiter.api.AssertNull.assertNull(AssertNull.java:35)
	at org.junit.jupiter.api.Assertions.assertNull(Assertions.java:287)
	at com.restaurant.inventory.RestaurantAppTest.testAllFxmlViewsLoadSuccessfully(RestaurantAppTest.java:211)
	at java.base/java.lang.reflect.Method.invoke(Method.java:583)
	at java.base/java.util.ArrayList.forEach(ArrayList.java:1612)
	at java.base/java.util.ArrayList.forEach(ArrayList.java:1612)
]]></failure>
  </testcase>
</testsuite>